[2024-08-20T21:55:08.172+0200] {executor_loader.py:254} INFO - Loaded executor: SequentialExecutor
[2024-08-20T21:55:08.200+0200] {scheduler_job_runner.py:935} INFO - Starting the scheduler
[2024-08-20T21:55:08.201+0200] {scheduler_job_runner.py:942} INFO - Processing each file at most -1 times
[2024-08-20T21:55:08.205+0200] {manager.py:174} INFO - Launched DagFileProcessorManager with pid: 32598
[2024-08-20T21:55:08.206+0200] {scheduler_job_runner.py:1843} INFO - Adopting or resetting orphaned tasks for active dag runs
[2024-08-20T21:55:08.209+0200] {settings.py:63} INFO - Configured default timezone UTC
[2024-08-20T21:55:08.222+0200] {manager.py:406} WARNING - Because we cannot use more than 1 thread (parsing_processes = 2) when using sqlite. So we set parallelism to 1.
[2024-08-20T21:55:08.541+0200] {scheduler_job_runner.py:423} INFO - 1 tasks up for execution:
	<TaskInstance: DAG_API_randomuser.envio_kafka scheduled__2024-08-20T19:54:00+00:00 [scheduled]>
[2024-08-20T21:55:08.541+0200] {scheduler_job_runner.py:495} INFO - DAG DAG_API_randomuser has 0/16 running and queued tasks
[2024-08-20T21:55:08.541+0200] {scheduler_job_runner.py:634} INFO - Setting the following tasks to queued state:
	<TaskInstance: DAG_API_randomuser.envio_kafka scheduled__2024-08-20T19:54:00+00:00 [scheduled]>
[2024-08-20T21:55:08.543+0200] {scheduler_job_runner.py:736} INFO - Trying to enqueue tasks: [<TaskInstance: DAG_API_randomuser.envio_kafka scheduled__2024-08-20T19:54:00+00:00 [scheduled]>] for executor: SequentialExecutor(parallelism=32)
[2024-08-20T21:55:08.543+0200] {scheduler_job_runner.py:680} INFO - Sending TaskInstanceKey(dag_id='DAG_API_randomuser', task_id='envio_kafka', run_id='scheduled__2024-08-20T19:54:00+00:00', try_number=1, map_index=-1) to SequentialExecutor with priority 1 and queue default
[2024-08-20T21:55:08.543+0200] {base_executor.py:168} INFO - Adding to queue: ['airflow', 'tasks', 'run', 'DAG_API_randomuser', 'envio_kafka', 'scheduled__2024-08-20T19:54:00+00:00', '--local', '--subdir', 'DAGS_FOLDER/dag_1.py']
[2024-08-20T21:55:08.553+0200] {sequential_executor.py:84} INFO - Executing command: ['airflow', 'tasks', 'run', 'DAG_API_randomuser', 'envio_kafka', 'scheduled__2024-08-20T19:54:00+00:00', '--local', '--subdir', 'DAGS_FOLDER/dag_1.py']
[2024-08-20T21:55:09.340+0200] {dagbag.py:587} INFO - Filling up the DagBag from /home/dani/airflow_pipeline/dags/dag_1.py
[2024-08-20T21:55:09.426+0200] {task_command.py:467} INFO - Running <TaskInstance: DAG_API_randomuser.envio_kafka scheduled__2024-08-20T19:54:00+00:00 [queued]> on host LAPTOP-73U6RBEH.
[2024-08-20T21:55:09.851+0200] {scheduler_job_runner.py:764} INFO - Received executor event with state success for task instance TaskInstanceKey(dag_id='DAG_API_randomuser', task_id='envio_kafka', run_id='scheduled__2024-08-20T19:54:00+00:00', try_number=1, map_index=-1)
[2024-08-20T21:55:09.856+0200] {scheduler_job_runner.py:801} INFO - TaskInstance Finished: dag_id=DAG_API_randomuser, task_id=envio_kafka, run_id=scheduled__2024-08-20T19:54:00+00:00, map_index=-1, run_start_date=2024-08-20 19:55:09.462927+00:00, run_end_date=2024-08-20 19:55:09.592222+00:00, run_duration=0.129295, state=success, executor=SequentialExecutor(parallelism=32), executor_state=success, try_number=1, max_tries=0, job_id=987, pool=default_pool, queue=default, priority_weight=1, operator=PythonOperator, queued_dttm=2024-08-20 19:55:08.542328+00:00, queued_by_job_id=986, pid=32601
[2024-08-20T21:55:09.881+0200] {dagrun.py:854} INFO - Marking run <DagRun DAG_API_randomuser @ 2024-08-20 19:54:00+00:00: scheduled__2024-08-20T19:54:00+00:00, state:running, queued_at: 2024-08-20 19:55:01.719788+00:00. externally triggered: False> successful
[2024-08-20T21:55:09.882+0200] {dagrun.py:905} INFO - DagRun Finished: dag_id=DAG_API_randomuser, execution_date=2024-08-20 19:54:00+00:00, run_id=scheduled__2024-08-20T19:54:00+00:00, run_start_date=2024-08-20 19:55:01.737428+00:00, run_end_date=2024-08-20 19:55:09.882374+00:00, run_duration=8.144946, state=success, external_trigger=False, run_type=scheduled, data_interval_start=2024-08-20 19:54:00+00:00, data_interval_end=2024-08-20 19:55:00+00:00, dag_hash=e47942ecfaead5ab6a48fbb7acbca451
[2024-08-20T21:55:09.884+0200] {dag.py:4138} INFO - Setting next_dagrun for DAG_API_randomuser to 2024-08-20 19:55:00+00:00, run_after=2024-08-20 19:56:00+00:00
[2024-08-20T21:56:00.711+0200] {scheduler_job_runner.py:423} INFO - 1 tasks up for execution:
	<TaskInstance: DAG_API_randomuser.extractor manual__2024-08-20T19:55:59.334440+00:00 [scheduled]>
[2024-08-20T21:56:00.711+0200] {scheduler_job_runner.py:495} INFO - DAG DAG_API_randomuser has 0/16 running and queued tasks
[2024-08-20T21:56:00.712+0200] {scheduler_job_runner.py:634} INFO - Setting the following tasks to queued state:
	<TaskInstance: DAG_API_randomuser.extractor manual__2024-08-20T19:55:59.334440+00:00 [scheduled]>
[2024-08-20T21:56:00.713+0200] {scheduler_job_runner.py:736} INFO - Trying to enqueue tasks: [<TaskInstance: DAG_API_randomuser.extractor manual__2024-08-20T19:55:59.334440+00:00 [scheduled]>] for executor: SequentialExecutor(parallelism=32)
[2024-08-20T21:56:00.713+0200] {scheduler_job_runner.py:680} INFO - Sending TaskInstanceKey(dag_id='DAG_API_randomuser', task_id='extractor', run_id='manual__2024-08-20T19:55:59.334440+00:00', try_number=1, map_index=-1) to SequentialExecutor with priority 3 and queue default
[2024-08-20T21:56:00.714+0200] {base_executor.py:168} INFO - Adding to queue: ['airflow', 'tasks', 'run', 'DAG_API_randomuser', 'extractor', 'manual__2024-08-20T19:55:59.334440+00:00', '--local', '--subdir', 'DAGS_FOLDER/dag_1.py']
[2024-08-20T21:56:00.722+0200] {sequential_executor.py:84} INFO - Executing command: ['airflow', 'tasks', 'run', 'DAG_API_randomuser', 'extractor', 'manual__2024-08-20T19:55:59.334440+00:00', '--local', '--subdir', 'DAGS_FOLDER/dag_1.py']
[2024-08-20T21:56:01.562+0200] {dagbag.py:587} INFO - Filling up the DagBag from /home/dani/airflow_pipeline/dags/dag_1.py
[2024-08-20T21:56:01.654+0200] {task_command.py:467} INFO - Running <TaskInstance: DAG_API_randomuser.extractor manual__2024-08-20T19:55:59.334440+00:00 [queued]> on host LAPTOP-73U6RBEH.
[2024-08-20T21:56:02.351+0200] {scheduler_job_runner.py:764} INFO - Received executor event with state success for task instance TaskInstanceKey(dag_id='DAG_API_randomuser', task_id='extractor', run_id='manual__2024-08-20T19:55:59.334440+00:00', try_number=1, map_index=-1)
[2024-08-20T21:56:02.354+0200] {scheduler_job_runner.py:801} INFO - TaskInstance Finished: dag_id=DAG_API_randomuser, task_id=extractor, run_id=manual__2024-08-20T19:55:59.334440+00:00, map_index=-1, run_start_date=2024-08-20 19:56:01.691848+00:00, run_end_date=2024-08-20 19:56:02.072225+00:00, run_duration=0.380377, state=success, executor=SequentialExecutor(parallelism=32), executor_state=success, try_number=1, max_tries=0, job_id=988, pool=default_pool, queue=default, priority_weight=3, operator=PythonOperator, queued_dttm=2024-08-20 19:56:00.712554+00:00, queued_by_job_id=986, pid=32648
[2024-08-20T21:56:02.377+0200] {dag.py:4138} INFO - Setting next_dagrun for DAG_API_randomuser to 2024-08-20 19:56:00+00:00, run_after=2024-08-20 19:57:00+00:00
[2024-08-20T21:56:02.438+0200] {scheduler_job_runner.py:423} INFO - 2 tasks up for execution:
	<TaskInstance: DAG_API_randomuser.extractor scheduled__2024-08-20T19:55:00+00:00 [scheduled]>
	<TaskInstance: DAG_API_randomuser.transformacion manual__2024-08-20T19:55:59.334440+00:00 [scheduled]>
[2024-08-20T21:56:02.438+0200] {scheduler_job_runner.py:495} INFO - DAG DAG_API_randomuser has 0/16 running and queued tasks
[2024-08-20T21:56:02.438+0200] {scheduler_job_runner.py:495} INFO - DAG DAG_API_randomuser has 1/16 running and queued tasks
[2024-08-20T21:56:02.439+0200] {scheduler_job_runner.py:634} INFO - Setting the following tasks to queued state:
	<TaskInstance: DAG_API_randomuser.extractor scheduled__2024-08-20T19:55:00+00:00 [scheduled]>
	<TaskInstance: DAG_API_randomuser.transformacion manual__2024-08-20T19:55:59.334440+00:00 [scheduled]>
[2024-08-20T21:56:02.440+0200] {scheduler_job_runner.py:736} INFO - Trying to enqueue tasks: [<TaskInstance: DAG_API_randomuser.extractor scheduled__2024-08-20T19:55:00+00:00 [scheduled]>, <TaskInstance: DAG_API_randomuser.transformacion manual__2024-08-20T19:55:59.334440+00:00 [scheduled]>] for executor: SequentialExecutor(parallelism=32)
[2024-08-20T21:56:02.440+0200] {scheduler_job_runner.py:680} INFO - Sending TaskInstanceKey(dag_id='DAG_API_randomuser', task_id='extractor', run_id='scheduled__2024-08-20T19:55:00+00:00', try_number=1, map_index=-1) to SequentialExecutor with priority 3 and queue default
[2024-08-20T21:56:02.440+0200] {base_executor.py:168} INFO - Adding to queue: ['airflow', 'tasks', 'run', 'DAG_API_randomuser', 'extractor', 'scheduled__2024-08-20T19:55:00+00:00', '--local', '--subdir', 'DAGS_FOLDER/dag_1.py']
[2024-08-20T21:56:02.441+0200] {scheduler_job_runner.py:680} INFO - Sending TaskInstanceKey(dag_id='DAG_API_randomuser', task_id='transformacion', run_id='manual__2024-08-20T19:55:59.334440+00:00', try_number=1, map_index=-1) to SequentialExecutor with priority 2 and queue default
[2024-08-20T21:56:02.441+0200] {base_executor.py:168} INFO - Adding to queue: ['airflow', 'tasks', 'run', 'DAG_API_randomuser', 'transformacion', 'manual__2024-08-20T19:55:59.334440+00:00', '--local', '--subdir', 'DAGS_FOLDER/dag_1.py']
[2024-08-20T21:56:02.449+0200] {sequential_executor.py:84} INFO - Executing command: ['airflow', 'tasks', 'run', 'DAG_API_randomuser', 'extractor', 'scheduled__2024-08-20T19:55:00+00:00', '--local', '--subdir', 'DAGS_FOLDER/dag_1.py']
[2024-08-20T21:56:03.268+0200] {dagbag.py:587} INFO - Filling up the DagBag from /home/dani/airflow_pipeline/dags/dag_1.py
[2024-08-20T21:56:03.367+0200] {task_command.py:467} INFO - Running <TaskInstance: DAG_API_randomuser.extractor scheduled__2024-08-20T19:55:00+00:00 [queued]> on host LAPTOP-73U6RBEH.
[2024-08-20T21:56:04.039+0200] {sequential_executor.py:84} INFO - Executing command: ['airflow', 'tasks', 'run', 'DAG_API_randomuser', 'transformacion', 'manual__2024-08-20T19:55:59.334440+00:00', '--local', '--subdir', 'DAGS_FOLDER/dag_1.py']
[2024-08-20T21:56:04.836+0200] {dagbag.py:587} INFO - Filling up the DagBag from /home/dani/airflow_pipeline/dags/dag_1.py
[2024-08-20T21:56:04.941+0200] {task_command.py:467} INFO - Running <TaskInstance: DAG_API_randomuser.transformacion manual__2024-08-20T19:55:59.334440+00:00 [queued]> on host LAPTOP-73U6RBEH.
[2024-08-20T21:56:05.382+0200] {scheduler_job_runner.py:764} INFO - Received executor event with state success for task instance TaskInstanceKey(dag_id='DAG_API_randomuser', task_id='extractor', run_id='scheduled__2024-08-20T19:55:00+00:00', try_number=1, map_index=-1)
[2024-08-20T21:56:05.382+0200] {scheduler_job_runner.py:764} INFO - Received executor event with state success for task instance TaskInstanceKey(dag_id='DAG_API_randomuser', task_id='transformacion', run_id='manual__2024-08-20T19:55:59.334440+00:00', try_number=1, map_index=-1)
[2024-08-20T21:56:05.386+0200] {scheduler_job_runner.py:801} INFO - TaskInstance Finished: dag_id=DAG_API_randomuser, task_id=transformacion, run_id=manual__2024-08-20T19:55:59.334440+00:00, map_index=-1, run_start_date=2024-08-20 19:56:04.977903+00:00, run_end_date=2024-08-20 19:56:05.103631+00:00, run_duration=0.125728, state=success, executor=SequentialExecutor(parallelism=32), executor_state=success, try_number=1, max_tries=0, job_id=990, pool=default_pool, queue=default, priority_weight=2, operator=PythonOperator, queued_dttm=2024-08-20 19:56:02.439558+00:00, queued_by_job_id=986, pid=32657
[2024-08-20T21:56:05.387+0200] {scheduler_job_runner.py:801} INFO - TaskInstance Finished: dag_id=DAG_API_randomuser, task_id=extractor, run_id=scheduled__2024-08-20T19:55:00+00:00, map_index=-1, run_start_date=2024-08-20 19:56:03.409062+00:00, run_end_date=2024-08-20 19:56:03.728814+00:00, run_duration=0.319752, state=success, executor=SequentialExecutor(parallelism=32), executor_state=success, try_number=1, max_tries=0, job_id=989, pool=default_pool, queue=default, priority_weight=3, operator=PythonOperator, queued_dttm=2024-08-20 19:56:02.439558+00:00, queued_by_job_id=986, pid=32651
[2024-08-20T21:56:05.444+0200] {scheduler_job_runner.py:423} INFO - 2 tasks up for execution:
	<TaskInstance: DAG_API_randomuser.transformacion scheduled__2024-08-20T19:55:00+00:00 [scheduled]>
	<TaskInstance: DAG_API_randomuser.envio_kafka manual__2024-08-20T19:55:59.334440+00:00 [scheduled]>
[2024-08-20T21:56:05.444+0200] {scheduler_job_runner.py:495} INFO - DAG DAG_API_randomuser has 0/16 running and queued tasks
[2024-08-20T21:56:05.445+0200] {scheduler_job_runner.py:495} INFO - DAG DAG_API_randomuser has 1/16 running and queued tasks
[2024-08-20T21:56:05.445+0200] {scheduler_job_runner.py:634} INFO - Setting the following tasks to queued state:
	<TaskInstance: DAG_API_randomuser.transformacion scheduled__2024-08-20T19:55:00+00:00 [scheduled]>
	<TaskInstance: DAG_API_randomuser.envio_kafka manual__2024-08-20T19:55:59.334440+00:00 [scheduled]>
[2024-08-20T21:56:05.446+0200] {scheduler_job_runner.py:736} INFO - Trying to enqueue tasks: [<TaskInstance: DAG_API_randomuser.transformacion scheduled__2024-08-20T19:55:00+00:00 [scheduled]>, <TaskInstance: DAG_API_randomuser.envio_kafka manual__2024-08-20T19:55:59.334440+00:00 [scheduled]>] for executor: SequentialExecutor(parallelism=32)
[2024-08-20T21:56:05.447+0200] {scheduler_job_runner.py:680} INFO - Sending TaskInstanceKey(dag_id='DAG_API_randomuser', task_id='transformacion', run_id='scheduled__2024-08-20T19:55:00+00:00', try_number=1, map_index=-1) to SequentialExecutor with priority 2 and queue default
[2024-08-20T21:56:05.447+0200] {base_executor.py:168} INFO - Adding to queue: ['airflow', 'tasks', 'run', 'DAG_API_randomuser', 'transformacion', 'scheduled__2024-08-20T19:55:00+00:00', '--local', '--subdir', 'DAGS_FOLDER/dag_1.py']
[2024-08-20T21:56:05.447+0200] {scheduler_job_runner.py:680} INFO - Sending TaskInstanceKey(dag_id='DAG_API_randomuser', task_id='envio_kafka', run_id='manual__2024-08-20T19:55:59.334440+00:00', try_number=1, map_index=-1) to SequentialExecutor with priority 1 and queue default
[2024-08-20T21:56:05.447+0200] {base_executor.py:168} INFO - Adding to queue: ['airflow', 'tasks', 'run', 'DAG_API_randomuser', 'envio_kafka', 'manual__2024-08-20T19:55:59.334440+00:00', '--local', '--subdir', 'DAGS_FOLDER/dag_1.py']
[2024-08-20T21:56:05.456+0200] {sequential_executor.py:84} INFO - Executing command: ['airflow', 'tasks', 'run', 'DAG_API_randomuser', 'transformacion', 'scheduled__2024-08-20T19:55:00+00:00', '--local', '--subdir', 'DAGS_FOLDER/dag_1.py']
[2024-08-20T21:56:06.257+0200] {dagbag.py:587} INFO - Filling up the DagBag from /home/dani/airflow_pipeline/dags/dag_1.py
[2024-08-20T21:56:06.353+0200] {task_command.py:467} INFO - Running <TaskInstance: DAG_API_randomuser.transformacion scheduled__2024-08-20T19:55:00+00:00 [queued]> on host LAPTOP-73U6RBEH.
[2024-08-20T21:56:06.785+0200] {sequential_executor.py:84} INFO - Executing command: ['airflow', 'tasks', 'run', 'DAG_API_randomuser', 'envio_kafka', 'manual__2024-08-20T19:55:59.334440+00:00', '--local', '--subdir', 'DAGS_FOLDER/dag_1.py']
[2024-08-20T21:56:07.577+0200] {dagbag.py:587} INFO - Filling up the DagBag from /home/dani/airflow_pipeline/dags/dag_1.py
[2024-08-20T21:56:07.668+0200] {task_command.py:467} INFO - Running <TaskInstance: DAG_API_randomuser.envio_kafka manual__2024-08-20T19:55:59.334440+00:00 [queued]> on host LAPTOP-73U6RBEH.
[2024-08-20T21:56:08.114+0200] {scheduler_job_runner.py:764} INFO - Received executor event with state success for task instance TaskInstanceKey(dag_id='DAG_API_randomuser', task_id='transformacion', run_id='scheduled__2024-08-20T19:55:00+00:00', try_number=1, map_index=-1)
[2024-08-20T21:56:08.114+0200] {scheduler_job_runner.py:764} INFO - Received executor event with state success for task instance TaskInstanceKey(dag_id='DAG_API_randomuser', task_id='envio_kafka', run_id='manual__2024-08-20T19:55:59.334440+00:00', try_number=1, map_index=-1)
[2024-08-20T21:56:08.117+0200] {scheduler_job_runner.py:801} INFO - TaskInstance Finished: dag_id=DAG_API_randomuser, task_id=envio_kafka, run_id=manual__2024-08-20T19:55:59.334440+00:00, map_index=-1, run_start_date=2024-08-20 19:56:07.706185+00:00, run_end_date=2024-08-20 19:56:07.841866+00:00, run_duration=0.135681, state=success, executor=SequentialExecutor(parallelism=32), executor_state=success, try_number=1, max_tries=0, job_id=992, pool=default_pool, queue=default, priority_weight=1, operator=PythonOperator, queued_dttm=2024-08-20 19:56:05.446046+00:00, queued_by_job_id=986, pid=32663
[2024-08-20T21:56:08.117+0200] {scheduler_job_runner.py:801} INFO - TaskInstance Finished: dag_id=DAG_API_randomuser, task_id=transformacion, run_id=scheduled__2024-08-20T19:55:00+00:00, map_index=-1, run_start_date=2024-08-20 19:56:06.388906+00:00, run_end_date=2024-08-20 19:56:06.525072+00:00, run_duration=0.136166, state=success, executor=SequentialExecutor(parallelism=32), executor_state=success, try_number=1, max_tries=0, job_id=991, pool=default_pool, queue=default, priority_weight=2, operator=PythonOperator, queued_dttm=2024-08-20 19:56:05.446046+00:00, queued_by_job_id=986, pid=32660
[2024-08-20T21:56:08.142+0200] {dagrun.py:854} INFO - Marking run <DagRun DAG_API_randomuser @ 2024-08-20 19:55:59.334440+00:00: manual__2024-08-20T19:55:59.334440+00:00, state:running, queued_at: 2024-08-20 19:55:59.342977+00:00. externally triggered: True> successful
[2024-08-20T21:56:08.143+0200] {dagrun.py:905} INFO - DagRun Finished: dag_id=DAG_API_randomuser, execution_date=2024-08-20 19:55:59.334440+00:00, run_id=manual__2024-08-20T19:55:59.334440+00:00, run_start_date=2024-08-20 19:56:00.681405+00:00, run_end_date=2024-08-20 19:56:08.143031+00:00, run_duration=7.461626, state=success, external_trigger=True, run_type=manual, data_interval_start=2024-08-20 19:54:59.334440+00:00, data_interval_end=2024-08-20 19:55:59.334440+00:00, dag_hash=e47942ecfaead5ab6a48fbb7acbca451
[2024-08-20T21:56:08.157+0200] {scheduler_job_runner.py:423} INFO - 1 tasks up for execution:
	<TaskInstance: DAG_API_randomuser.envio_kafka scheduled__2024-08-20T19:55:00+00:00 [scheduled]>
[2024-08-20T21:56:08.157+0200] {scheduler_job_runner.py:495} INFO - DAG DAG_API_randomuser has 0/16 running and queued tasks
[2024-08-20T21:56:08.158+0200] {scheduler_job_runner.py:634} INFO - Setting the following tasks to queued state:
	<TaskInstance: DAG_API_randomuser.envio_kafka scheduled__2024-08-20T19:55:00+00:00 [scheduled]>
[2024-08-20T21:56:08.159+0200] {scheduler_job_runner.py:736} INFO - Trying to enqueue tasks: [<TaskInstance: DAG_API_randomuser.envio_kafka scheduled__2024-08-20T19:55:00+00:00 [scheduled]>] for executor: SequentialExecutor(parallelism=32)
[2024-08-20T21:56:08.159+0200] {scheduler_job_runner.py:680} INFO - Sending TaskInstanceKey(dag_id='DAG_API_randomuser', task_id='envio_kafka', run_id='scheduled__2024-08-20T19:55:00+00:00', try_number=1, map_index=-1) to SequentialExecutor with priority 1 and queue default
[2024-08-20T21:56:08.160+0200] {base_executor.py:168} INFO - Adding to queue: ['airflow', 'tasks', 'run', 'DAG_API_randomuser', 'envio_kafka', 'scheduled__2024-08-20T19:55:00+00:00', '--local', '--subdir', 'DAGS_FOLDER/dag_1.py']
[2024-08-20T21:56:08.168+0200] {sequential_executor.py:84} INFO - Executing command: ['airflow', 'tasks', 'run', 'DAG_API_randomuser', 'envio_kafka', 'scheduled__2024-08-20T19:55:00+00:00', '--local', '--subdir', 'DAGS_FOLDER/dag_1.py']
[2024-08-20T21:56:08.996+0200] {dagbag.py:587} INFO - Filling up the DagBag from /home/dani/airflow_pipeline/dags/dag_1.py
[2024-08-20T21:56:09.107+0200] {task_command.py:467} INFO - Running <TaskInstance: DAG_API_randomuser.envio_kafka scheduled__2024-08-20T19:55:00+00:00 [queued]> on host LAPTOP-73U6RBEH.
[2024-08-20T21:56:09.546+0200] {scheduler_job_runner.py:764} INFO - Received executor event with state success for task instance TaskInstanceKey(dag_id='DAG_API_randomuser', task_id='envio_kafka', run_id='scheduled__2024-08-20T19:55:00+00:00', try_number=1, map_index=-1)
[2024-08-20T21:56:09.550+0200] {scheduler_job_runner.py:801} INFO - TaskInstance Finished: dag_id=DAG_API_randomuser, task_id=envio_kafka, run_id=scheduled__2024-08-20T19:55:00+00:00, map_index=-1, run_start_date=2024-08-20 19:56:09.147557+00:00, run_end_date=2024-08-20 19:56:09.288171+00:00, run_duration=0.140614, state=success, executor=SequentialExecutor(parallelism=32), executor_state=success, try_number=1, max_tries=0, job_id=993, pool=default_pool, queue=default, priority_weight=1, operator=PythonOperator, queued_dttm=2024-08-20 19:56:08.158748+00:00, queued_by_job_id=986, pid=32673
[2024-08-20T21:56:09.694+0200] {dagrun.py:854} INFO - Marking run <DagRun DAG_API_randomuser @ 2024-08-20 19:55:00+00:00: scheduled__2024-08-20T19:55:00+00:00, state:running, queued_at: 2024-08-20 19:56:02.372936+00:00. externally triggered: False> successful
[2024-08-20T21:56:09.694+0200] {dagrun.py:905} INFO - DagRun Finished: dag_id=DAG_API_randomuser, execution_date=2024-08-20 19:55:00+00:00, run_id=scheduled__2024-08-20T19:55:00+00:00, run_start_date=2024-08-20 19:56:02.397641+00:00, run_end_date=2024-08-20 19:56:09.694736+00:00, run_duration=7.297095, state=success, external_trigger=False, run_type=scheduled, data_interval_start=2024-08-20 19:55:00+00:00, data_interval_end=2024-08-20 19:56:00+00:00, dag_hash=e47942ecfaead5ab6a48fbb7acbca451
[2024-08-20T21:56:09.696+0200] {dag.py:4138} INFO - Setting next_dagrun for DAG_API_randomuser to 2024-08-20 19:56:00+00:00, run_after=2024-08-20 19:57:00+00:00
[2024-08-20T22:00:08.243+0200] {scheduler_job_runner.py:1843} INFO - Adopting or resetting orphaned tasks for active dag runs
[2024-08-20T22:05:08.272+0200] {scheduler_job_runner.py:1843} INFO - Adopting or resetting orphaned tasks for active dag runs
